Running: fuse.exe -relaunch -intstyle "ise" -incremental -o "C:/Users/lab/Czw1115/Ucisw2Project/ps2TestBench_isim_beh.exe" -prj "C:/Users/lab/Czw1115/Ucisw2Project/ps2TestBench_beh.prj" "work.ps2TestBench" 
ISim P.20131013 (signature 0x7708f090)
Number of CPUs detected in this system: 12
Turning on mult-threading, number of parallel sub-compilation jobs: 24 
Determining compilation order of HDL files
Parsing VHDL file "C:/Users/lab/Czw1115/Ucisw2Project/PS2_Rx_Module.vhd" into library work
Parsing VHDL file "C:/Users/lab/Czw1115/Ucisw2Project/ps2TestBench.vhd" into library work
Starting static elaboration
Completed static elaboration
Compiling package standard
Compiling package std_logic_1164
Compiling package numeric_std
Compiling package std_logic_arith
Compiling package std_logic_signed
Compiling architecture behavioral of entity PS2_Rx_Module [ps2_rx_module_default]
Compiling architecture behavior of entity ps2testbench
Time Resolution for simulation is 1ps.
Compiled 8 VHDL Units
Built simulation executable C:/Users/lab/Czw1115/Ucisw2Project/ps2TestBench_isim_beh.exe
Fuse Memory Usage: 36960 KB
Fuse CPU Usage: 405 ms
